<?xml version="1.0" encoding="UTF-8"?>
<!-- Generated by org.testng.reporters.JUnitReportReporter -->
<testsuite hostname="CSGBTPLT410" failures="0" tests="1" name="creativesynergies.LiveSwichDemo.AppTest" time="0.007" errors="0" timestamp="20 May 2024 10:47:05 GMT" skipped="0">
  <testcase classname="creativesynergies.LiveSwichDemo.AppTest" name="shouldAnswerWithTrue" time="0.007"/>
</testsuite> <!-- creativesynergies.LiveSwichDemo.AppTest -->
