<?xml version="1.0" encoding="UTF-8"?>
<!-- Generated by org.testng.reporters.JUnitReportReporter -->
<testsuite hostname="CSGBTPLT410" failures="0" tests="3" name="testcomponents.DataProviderWithExcel" time="0.006" errors="0" timestamp="2024-05-21T18:52:20 IST" skipped="0">
  <testcase classname="testcomponents.DataProviderWithExcel" name="test1" time="0.001"/>
  <system-out/>
  <testcase classname="testcomponents.DataProviderWithExcel" name="test1" time="0.001"/>
  <system-out/>
  <testcase classname="testcomponents.DataProviderWithExcel" name="test1" time="0.004"/>
  <system-out/>
</testsuite> <!-- testcomponents.DataProviderWithExcel -->
