<?xml version="1.0" encoding="UTF-8"?>
<!-- Generated by org.testng.reporters.JUnitReportReporter -->
<testsuite hostname="CSGBTPLT410" failures="0" tests="3" name="smoketest.TC001_LandingPage" time="49.241" errors="0" timestamp="2024-05-20T19:45:51 IST" skipped="0">
  <testcase classname="smoketest.TC001_LandingPage" name="LandingPageTest" time="14.561"/>
  <system-out/>
  <testcase classname="smoketest.TC001_LandingPage" name="LandingPageTest" time="16.724"/>
  <system-out/>
  <testcase classname="smoketest.TC001_LandingPage" name="LandingPageTest" time="17.956"/>
  <system-out/>
</testsuite> <!-- smoketest.TC001_LandingPage -->
