<?xml version="1.0" encoding="UTF-8"?>
<!-- Generated by org.testng.reporters.JUnitReportReporter -->
<testsuite hostname="CSGBTPLT410" failures="0" tests="4" name="smoketest.TC001_ValidateScheduleCreation" time="220.003" errors="0" timestamp="2024-05-25T11:04:55 IST" skipped="0">
  <testcase classname="smoketest.TC001_ValidateScheduleCreation" name="createMeetingTest" time="0.000"/>
  <system-out/>
  <testcase classname="smoketest.TC001_ValidateScheduleCreation" name="createMeetingTest" time="126.097"/>
  <system-out/>
  <testcase classname="smoketest.TC001_ValidateScheduleCreation" name="createMeetingTest" time="71.582"/>
  <system-out/>
  <testcase classname="smoketest.TC001_ValidateScheduleCreation" name="createMeetingTest" time="22.324"/>
  <system-out/>
</testsuite> <!-- smoketest.TC001_ValidateScheduleCreation -->
