<?xml version="1.0" encoding="UTF-8"?>
<!-- Generated by org.testng.reporters.JUnitReportReporter -->
<testsuite hostname="CSGBTPLT410" failures="0" tests="4" name="smoketest.TC002_ValidateScheduleCreationMobile" time="19.747" errors="0" timestamp="2024-05-25T09:24:37 IST" skipped="0">
  <testcase classname="smoketest.TC002_ValidateScheduleCreationMobile" name="createMeetingTest" time="0.005"/>
  <system-out/>
  <testcase classname="smoketest.TC002_ValidateScheduleCreationMobile" name="createMeetingTest" time="0.001"/>
  <system-out/>
  <testcase classname="smoketest.TC002_ValidateScheduleCreationMobile" name="createMeetingTest" time="19.740"/>
  <system-out/>
  <testcase classname="smoketest.TC002_ValidateScheduleCreationMobile" name="createMeetingTest" time="0.001"/>
  <system-out/>
</testsuite> <!-- smoketest.TC002_ValidateScheduleCreationMobile -->
