<?xml version="1.0" encoding="UTF-8"?>
<!-- Generated by org.testng.reporters.JUnitReportReporter -->
<testsuite hostname="CSGBTPLT410" failures="0" tests="4" name="smoketest.TC003_ValidateCreateContacts" time="0.013" errors="0" timestamp="2024-05-28T17:23:19 IST" skipped="0">
  <testcase classname="smoketest.TC003_ValidateCreateContacts" name="createMeetingTest" time="0.002"/>
  <system-out/>
  <testcase classname="smoketest.TC003_ValidateCreateContacts" name="createMeetingTest" time="0.002"/>
  <system-out/>
  <testcase classname="smoketest.TC003_ValidateCreateContacts" name="createMeetingTest" time="0.002"/>
  <system-out/>
  <testcase classname="smoketest.TC003_ValidateCreateContacts" name="createMeetingTest" time="0.007"/>
  <system-out/>
</testsuite> <!-- smoketest.TC003_ValidateCreateContacts -->
