<?xml version="1.0" encoding="UTF-8"?>
<!-- Generated by org.testng.reporters.JUnitReportReporter -->
<testsuite hostname="CSGBTPLT410" failures="0" tests="3" name="smoketest.TC001_ValidateCreateMeeting" time="172.883" errors="0" timestamp="2024-05-22T07:59:29 IST" skipped="0">
  <testcase classname="smoketest.TC001_ValidateCreateMeeting" name="createMeetingTest" time="49.906"/>
  <system-out/>
  <testcase classname="smoketest.TC001_ValidateCreateMeeting" name="createMeetingTest" time="59.013"/>
  <system-out/>
  <testcase classname="smoketest.TC001_ValidateCreateMeeting" name="createMeetingTest" time="63.964"/>
  <system-out/>
</testsuite> <!-- smoketest.TC001_ValidateCreateMeeting -->
