<?xml version="1.0" encoding="UTF-8"?>
<!-- Generated by org.testng.reporters.JUnitReportReporter -->
<testsuite hostname="CSGBTPLT410" failures="0" tests="3" name="smoketest.TC005_JSONDataPRovider" time="232.281" errors="0" timestamp="2024-05-30T08:58:26 IST" skipped="0">
  <testcase classname="smoketest.TC005_JSONDataPRovider" name="getJsonData" time="108.567"/>
  <system-out/>
  <testcase classname="smoketest.TC005_JSONDataPRovider" name="getJsonData" time="80.783"/>
  <system-out/>
  <testcase classname="smoketest.TC005_JSONDataPRovider" name="getJsonData" time="42.931"/>
  <system-out/>
</testsuite> <!-- smoketest.TC005_JSONDataPRovider -->
