<?xml version="1.0" encoding="UTF-8"?>
<!-- Generated by org.testng.reporters.JUnitReportReporter -->
<testsuite hostname="CSGBTPLT410" failures="0" tests="3" name="regression.TC001_CreateAndDeleteContacts" time="6.705" errors="0" timestamp="2024-06-06T19:19:31 IST" skipped="0">
  <testcase classname="regression.TC001_CreateAndDeleteContacts" name="createAndDeleteContacts" time="0.012"/>
  <system-out/>
  <testcase classname="regression.TC001_CreateAndDeleteContacts" name="createAndDeleteContacts" time="0.012"/>
  <system-out/>
  <testcase classname="regression.TC001_CreateAndDeleteContacts" name="createAndDeleteContacts" time="6.681"/>
  <system-out/>
</testsuite> <!-- regression.TC001_CreateAndDeleteContacts -->
