<?xml version="1.0" encoding="UTF-8"?>
<!-- Generated by org.testng.reporters.JUnitReportReporter -->
<testsuite hostname="CSGBTPLT410" failures="0" tests="1" name="mobiletesting.TC001_MobileTest_CreateSchedule" time="60.840" errors="0" timestamp="2024-05-24T10:27:19 IST" skipped="0">
  <testcase classname="mobiletesting.TC001_MobileTest_CreateSchedule" name="createSchedules" time="60.840"/>
  <system-out/>
</testsuite> <!-- mobiletesting.TC001_MobileTest_CreateSchedule -->
